#-----------------------------------------------------------
# Vivado v2020.1 (64-bit)
# SW Build 2902540 on Wed May 27 19:54:49 MDT 2020
# IP Build 2902112 on Wed May 27 22:43:36 MDT 2020
# Start of session at: Mon May  8 19:37:40 2023
# Process ID: 26432
# Current directory: D:/Privacy-Preserving-Deep-Learning/ntt/ntt_proj_pe_p65537
# Command line: vivado.exe -gui_launcher_event rodinguilauncherevent16600 D:\Privacy-Preserving-Deep-Learning\ntt\ntt_proj_pe_p65537\ntt_proj.xpr
# Log file: D:/Privacy-Preserving-Deep-Learning/ntt/ntt_proj_pe_p65537/vivado.log
# Journal file: D:/Privacy-Preserving-Deep-Learning/ntt/ntt_proj_pe_p65537\vivado.jou
#-----------------------------------------------------------
start_gui
open_project D:/Privacy-Preserving-Deep-Learning/ntt/ntt_proj_pe_p65537/ntt_proj.xpr
INFO: [Project 1-313] Project file moved from 'D:/Privacy-Preserving-Deep-Learning/ntt/ntt_proj' since last save.
Scanning sources...
Finished scanning sources
INFO: [IP_Flow 19-234] Refreshing IP repositories
INFO: [IP_Flow 19-1704] No user IP repositories specified
INFO: [IP_Flow 19-2313] Loaded Vivado IP repository 'E:/Vivado2020/Vivado/2020.1/data/ip'.
update_compile_order -fileset sources_1
exit
INFO: [Common 17-206] Exiting Vivado at Mon May  8 20:04:03 2023...
