==============================================================
Vivado(TM) HLS - High-Level Synthesis from C, C++ and SystemC v2020.1 (64-bit)
Copyright 1986-2020 Xilinx, Inc. All Rights Reserved.
==============================================================
INFO: [SYN 201-201] Setting up clock 'default' with a period of 10ns.
WARNING: [HLS 200-40] Cannot find library 'E:/Vivado2020/Vivado/2020.1/common/technology/xilinx/Virtex-7/Virtex-7.lib'.
WARNING: [HLS 200-40] Cannot find library 'xilinx/Virtex-7/Virtex-7'.
WARNING: [HLS 200-40] Cannot find library 'E:/Vivado2020/Vivado/2020.1/common/technology/xilinx/Virtex-7/Virtex-7_fpv7.lib'.
WARNING: [HLS 200-40] Cannot find library 'xilinx/Virtex-7/Virtex-7_fpv7'.
INFO: [HLS 200-10] Setting target device to 'xc7vx485t-ffg1157-1'
INFO: [SIM 211-2] *************** CSIM start ***************
INFO: [SIM 211-4] CSIM will launch GCC as the compiler.
INFO: [SIM 211-1] CSim done with 0 errors.
INFO: [SIM 211-3] *************** CSIM finish ***************
==============================================================
Vivado(TM) HLS - High-Level Synthesis from C, C++ and SystemC v2020.1 (64-bit)
Copyright 1986-2020 Xilinx, Inc. All Rights Reserved.
==============================================================
INFO: [SYN 201-201] Setting up clock 'default' with a period of 10ns.
WARNING: [HLS 200-40] Cannot find library 'E:/Vivado2020/Vivado/2020.1/common/technology/xilinx/Virtex-7/Virtex-7.lib'.
WARNING: [HLS 200-40] Cannot find library 'xilinx/Virtex-7/Virtex-7'.
WARNING: [HLS 200-40] Cannot find library 'E:/Vivado2020/Vivado/2020.1/common/technology/xilinx/Virtex-7/Virtex-7_fpv7.lib'.
WARNING: [HLS 200-40] Cannot find library 'xilinx/Virtex-7/Virtex-7_fpv7'.
INFO: [HLS 200-10] Setting target device to 'xc7vx485t-ffg1157-1'
INFO: [SYN 201-201] Setting up clock 'default' with a period of 10ns.
INFO: [SCHED 204-61] Option 'relax_ii_for_timing' is enabled, will increase II to preserve clock frequency constraints.
INFO: [HLS 200-10] Analyzing design file 'mat_vec_mul.cpp' ... 
INFO: [HLS 200-111] Finished Linking Time (s): cpu = 00:00:01 ; elapsed = 00:00:05 . Memory (MB): peak = 1027.980 ; gain = 934.793
INFO: [HLS 200-111] Finished Checking Pragmas Time (s): cpu = 00:00:01 ; elapsed = 00:00:05 . Memory (MB): peak = 1027.980 ; gain = 934.793
INFO: [HLS 200-10] Starting code transformations ...
INFO: [HLS 200-111] Finished Standard Transforms Time (s): cpu = 00:00:01 ; elapsed = 00:00:06 . Memory (MB): peak = 1027.980 ; gain = 934.793
INFO: [HLS 200-10] Checking synthesizability ...
INFO: [HLS 200-111] Finished Checking Synthesizability Time (s): cpu = 00:00:01 ; elapsed = 00:00:06 . Memory (MB): peak = 1027.980 ; gain = 934.793
INFO: [HLS 200-111] Finished Pre-synthesis Time (s): cpu = 00:00:01 ; elapsed = 00:00:06 . Memory (MB): peak = 1027.980 ; gain = 934.793
INFO: [HLS 200-472] Inferring partial write operation for 'dot_prod' (mat_vec_mul.cpp:13:4)
INFO: [HLS 200-111] Finished Architecture Synthesis Time (s): cpu = 00:00:01 ; elapsed = 00:00:06 . Memory (MB): peak = 1027.980 ; gain = 934.793
INFO: [HLS 200-10] Starting hardware synthesis ...
INFO: [HLS 200-10] Synthesizing 'mat_vec_multiply' ...
INFO: [HLS 200-10] ----------------------------------------------------------------
INFO: [HLS 200-42] -- Implementing module 'mat_vec_multiply' 
INFO: [HLS 200-10] ----------------------------------------------------------------
INFO: [SCHED 204-11] Starting scheduling ...
INFO: [SCHED 204-11] Finished scheduling.
INFO: [HLS 200-111]  Elapsed time: 6.057 seconds; current allocated memory: 160.298 MB.
INFO: [BIND 205-100] Starting micro-architecture generation ...
INFO: [BIND 205-101] Performing variable lifetime analysis.
INFO: [BIND 205-101] Exploring resource sharing.
INFO: [BIND 205-101] Binding ...
INFO: [BIND 205-100] Finished micro-architecture generation.
INFO: [HLS 200-111]  Elapsed time: 0.087 seconds; current allocated memory: 160.511 MB.
INFO: [HLS 200-10] ----------------------------------------------------------------
INFO: [HLS 200-10] -- Generating RTL for module 'mat_vec_multiply' 
INFO: [HLS 200-10] ----------------------------------------------------------------
INFO: [RTGEN 206-500] Setting interface mode on port 'mat_vec_multiply/mat_in' to 'ap_memory'.
INFO: [RTGEN 206-500] Setting interface mode on port 'mat_vec_multiply/vec_in' to 'ap_memory'.
INFO: [RTGEN 206-500] Setting interface mode on port 'mat_vec_multiply/accumulator' to 'ap_memory'.
INFO: [RTGEN 206-500] Setting interface mode on function 'mat_vec_multiply' to 'ap_ctrl_hs'.
INFO: [SYN 201-210] Renamed object name 'mat_vec_multiply_dot_prod' to 'mat_vec_multiply_bkb' due to the length limit 20
INFO: [RTGEN 206-100] Finished creating RTL model for 'mat_vec_multiply'.
INFO: [HLS 200-111]  Elapsed time: 0.143 seconds; current allocated memory: 160.887 MB.
INFO: [HLS 200-790] **** Loop Constraint Status: All loop constraints were satisfied.
INFO: [HLS 200-789] **** Estimated Fmax: 124.46 MHz
INFO: [RTMG 210-278] Implementing memory 'mat_vec_multiply_bkb_ram (RAM)' using distributed RAMs.
INFO: [HLS 200-111] Finished generating all RTL models Time (s): cpu = 00:00:02 ; elapsed = 00:00:07 . Memory (MB): peak = 1027.980 ; gain = 934.793
INFO: [VHDL 208-304] Generating VHDL RTL for mat_vec_multiply.
INFO: [VLOG 209-307] Generating Verilog RTL for mat_vec_multiply.
INFO: [HLS 200-112] Total elapsed time: 7.547 seconds; peak allocated memory: 160.887 MB.
==============================================================
Vivado(TM) HLS - High-Level Synthesis from C, C++ and SystemC v2020.1 (64-bit)
Copyright 1986-2020 Xilinx, Inc. All Rights Reserved.
==============================================================
INFO: [SYN 201-201] Setting up clock 'default' with a period of 10ns.
WARNING: [HLS 200-40] Cannot find library 'E:/Vivado2020/Vivado/2020.1/common/technology/xilinx/Virtex-7/Virtex-7.lib'.
WARNING: [HLS 200-40] Cannot find library 'xilinx/Virtex-7/Virtex-7'.
WARNING: [HLS 200-40] Cannot find library 'E:/Vivado2020/Vivado/2020.1/common/technology/xilinx/Virtex-7/Virtex-7_fpv7.lib'.
WARNING: [HLS 200-40] Cannot find library 'xilinx/Virtex-7/Virtex-7_fpv7'.
INFO: [HLS 200-10] Setting target device to 'xc7vx485t-ffg1157-1'
INFO: [COSIM 212-47] Using XSIM for RTL simulation.
INFO: [COSIM 212-14] Instrumenting C test bench ...
INFO: [COSIM 212-302] Starting C TB testing ... 
INFO: [COSIM 212-333] Generating C post check test bench ...
INFO: [COSIM 212-12] Generating RTL test bench ...
INFO: [COSIM 212-1] *** C/RTL co-simulation file generation completed. ***
INFO: [COSIM 212-323] Starting verilog simulation. 
INFO: [COSIM 212-15] Starting XSIM ...
INFO: [COSIM 212-316] Starting C post checking ...
INFO: [COSIM 212-1000] *** C/RTL co-simulation finished: PASS ***
INFO: [COSIM 212-211] II is measurable only when transaction number is greater than 1 in RTL simulation. Otherwise, they will be marked as all NA. If user wants to calculate them, please make sure there are at least 2 transactions in RTL simulation.
