#-----------------------------------------------------------
# Vivado v2020.1 (64-bit)
# SW Build 2902540 on Wed May 27 19:54:49 MDT 2020
# IP Build 2902112 on Wed May 27 22:43:36 MDT 2020
# Start of session at: Tue Apr 25 21:02:30 2023
# Process ID: 21036
# Current directory: D:/Desktop/PrivacyPreservingDeepLearning/hls_design/mat_vec_mul/mat_vec_mul_hls/solution1_default/sim/verilog
# Command line: vivado.exe -source open_wave.tcl
# Log file: D:/Desktop/PrivacyPreservingDeepLearning/hls_design/mat_vec_mul/mat_vec_mul_hls/solution1_default/sim/verilog/vivado.log
# Journal file: D:/Desktop/PrivacyPreservingDeepLearning/hls_design/mat_vec_mul/mat_vec_mul_hls/solution1_default/sim/verilog\vivado.jou
#-----------------------------------------------------------
start_gui
source open_wave.tcl
# current_fileset
INFO: [IP_Flow 19-234] Refreshing IP repositories
INFO: [IP_Flow 19-1704] No user IP repositories specified
INFO: [IP_Flow 19-2313] Loaded Vivado IP repository 'E:/Vivado2020/Vivado/2020.1/data/ip'.
# open_wave_database mat_vec_multiply.wdb
open_wave_config D:/Desktop/PrivacyPreservingDeepLearning/hls_design/mat_vec_mul/mat_vec_mul_hls/solution1_default/sim/verilog/mat_vec_multiply.wcfg
save_wave_config {D:/Desktop/PrivacyPreservingDeepLearning/hls_design/mat_vec_mul/mat_vec_mul_hls/solution1_default/sim/verilog/mat_vec_multiply.wcfg}
close_sim
INFO: [Simtcl 6-16] Simulation closed
exit
INFO: [Common 17-206] Exiting Vivado at Wed Apr 26 19:35:04 2023...
